2019-10-07 23:43:41,008 [INFO] from com.knoldus.basketcrud.basket.impl.events.BasketEventProcessor in ForkJoinPool-1-worker-13 -  aggregateTags method ... 
2019-10-07 23:43:41,092 [INFO] from com.knoldus.basketcrud.basket.impl.events.BasketEventProcessor in basket-impl-application-akka.actor.default-dispatcher-22 -  buildHandler method ... 
2019-10-07 23:43:51,049 [WARN] from akka.cluster.sharding.ShardRegion in basket-impl-application-akka.actor.default-dispatcher-23 - Trying to register to coordinator at [Some(ActorSelection[Anchor(akka://basket-impl-application/), Path(/system/sharding/BasketEventProcessorCoordinator/singleton/coordinator)])], but no acknowledgement. Total [1] buffered messages.
2019-10-07 23:43:53,029 [WARN] from akka.cluster.sharding.ShardRegion in basket-impl-application-akka.actor.default-dispatcher-16 - Trying to register to coordinator at [Some(ActorSelection[Anchor(akka://basket-impl-application/), Path(/system/sharding/BasketEventProcessorCoordinator/singleton/coordinator)])], but no acknowledgement. Total [1] buffered messages.
2019-10-07 23:43:53,114 [WARN] from akka.cluster.sharding.ShardRegion in basket-impl-application-akka.actor.default-dispatcher-24 - Retry request for shard [com.knoldus.basketcrud.basket.impl.events.BasketEvent] homes from coordinator at [Actor[akka://basket-impl-application/system/sharding/BasketEventProcessorCoordinator/singleton/coordinator#-1767508111]]. [1] buffered messages.
2019-10-07 23:43:53,183 [INFO] from com.knoldus.basketcrud.basket.impl.events.BasketEventProcessor in basket-impl-application-akka.actor.default-dispatcher-24 -  buildHandler method ... 
2019-10-07 23:44:14,536 [ERROR] from akka.actor.OneForOneStrategy in basket-impl-application-akka.actor.default-dispatcher-24 - userUuid is not a column defined in this metadata
java.lang.IllegalArgumentException: userUuid is not a column defined in this metadata
	at com.datastax.driver.core.ColumnDefinitions.getAllIdx(ColumnDefinitions.java:266) ~[cassandra-driver-core-3.0.0.jar:na]
	at com.datastax.driver.core.BoundStatement$DataWrapper.getAllIndexesOf(BoundStatement.java:1364) ~[cassandra-driver-core-3.0.0.jar:na]
	at com.datastax.driver.core.AbstractData.setString(AbstractData.java:254) ~[cassandra-driver-core-3.0.0.jar:na]
	at com.datastax.driver.core.BoundStatement.setString(BoundStatement.java:449) ~[cassandra-driver-core-3.0.0.jar:na]
	at com.knoldus.basketcrud.basket.impl.events.BasketEventProcessor.processPostAdded(BasketEventProcessor.java:106) ~[classes/:na]
	at com.lightbend.lagom.internal.persistence.cassandra.CassandraReadSideImpl$$anon$2$$anonfun$setEventHandler$1.apply(CassandraReadSideImpl.scala:82) ~[lagom-javadsl-persistence-cassandra_2.11-1.2.0.jar:1.2.0]
	at com.lightbend.lagom.internal.persistence.cassandra.CassandraReadSideImpl$$anon$2$$anonfun$setEventHandler$1.apply(CassandraReadSideImpl.scala:82) ~[lagom-javadsl-persistence-cassandra_2.11-1.2.0.jar:1.2.0]
	at com.lightbend.lagom.internal.persistence.cassandra.CassandraAutoReadSideHandler.invoke(CassandraReadSideHandler.scala:84) ~[lagom-javadsl-persistence-cassandra_2.11-1.2.0.jar:1.2.0]
	at com.lightbend.lagom.internal.persistence.cassandra.CassandraAutoReadSideHandler.invoke(CassandraReadSideHandler.scala:66) ~[lagom-javadsl-persistence-cassandra_2.11-1.2.0.jar:1.2.0]
	at com.lightbend.lagom.internal.persistence.cassandra.CassandraReadSideHandler$$anonfun$handle$1.apply(CassandraReadSideHandler.scala:39) ~[lagom-javadsl-persistence-cassandra_2.11-1.2.0.jar:1.2.0]
	at com.lightbend.lagom.internal.persistence.cassandra.CassandraReadSideHandler$$anonfun$handle$1.apply(CassandraReadSideHandler.scala:35) ~[lagom-javadsl-persistence-cassandra_2.11-1.2.0.jar:1.2.0]
	at akka.stream.impl.fusing.MapAsync$$anon$21.onPush(Ops.scala:1008) ~[akka-stream_2.11-2.4.10.jar:na]
	at akka.stream.impl.fusing.GraphInterpreter.processPush(GraphInterpreter.scala:747) ~[akka-stream_2.11-2.4.10.jar:na]
	at akka.stream.impl.fusing.GraphInterpreter.processEvent(GraphInterpreter.scala:710) ~[akka-stream_2.11-2.4.10.jar:na]
	at akka.stream.impl.fusing.GraphInterpreter.execute(GraphInterpreter.scala:616) ~[akka-stream_2.11-2.4.10.jar:na]
	at akka.stream.impl.fusing.GraphInterpreterShell.runBatch(ActorGraphInterpreter.scala:471) ~[akka-stream_2.11-2.4.10.jar:na]
	at akka.stream.impl.fusing.GraphInterpreterShell.receive(ActorGraphInterpreter.scala:410) ~[akka-stream_2.11-2.4.10.jar:na]
	at akka.stream.impl.fusing.ActorGraphInterpreter.akka$stream$impl$fusing$ActorGraphInterpreter$$processEvent(ActorGraphInterpreter.scala:603) ~[akka-stream_2.11-2.4.10.jar:na]
	at akka.stream.impl.fusing.ActorGraphInterpreter$$anonfun$receive$1.applyOrElse(ActorGraphInterpreter.scala:618) ~[akka-stream_2.11-2.4.10.jar:na]
	at akka.actor.Actor$class.aroundReceive(Actor.scala:484) ~[akka-actor_2.11-2.4.10.jar:na]
	at akka.stream.impl.fusing.ActorGraphInterpreter.aroundReceive(ActorGraphInterpreter.scala:529) ~[akka-stream_2.11-2.4.10.jar:na]
	at akka.actor.ActorCell.receiveMessage(ActorCell.scala:526) ~[akka-actor_2.11-2.4.10.jar:na]
	at akka.actor.ActorCell.invoke(ActorCell.scala:495) ~[akka-actor_2.11-2.4.10.jar:na]
	at akka.dispatch.Mailbox.processMailbox(Mailbox.scala:257) ~[akka-actor_2.11-2.4.10.jar:na]
	at akka.dispatch.Mailbox.run(Mailbox.scala:224) ~[akka-actor_2.11-2.4.10.jar:na]
	at java.util.concurrent.ThreadPoolExecutor.runWorker(ThreadPoolExecutor.java:1149) ~[na:1.8.0_181]
	at java.util.concurrent.ThreadPoolExecutor$Worker.run(ThreadPoolExecutor.java:624) ~[na:1.8.0_181]
	at java.lang.Thread.run(Thread.java:748) ~[na:1.8.0_181]
2019-10-07 23:44:41,045 [INFO] from com.knoldus.basketcrud.basket.impl.events.BasketEventProcessor in basket-impl-application-akka.actor.default-dispatcher-16 -  buildHandler method ... 
2019-10-07 23:44:54,133 [ERROR] from akka.actor.OneForOneStrategy in basket-impl-application-akka.actor.default-dispatcher-3 - userUuid is not a column defined in this metadata
java.lang.IllegalArgumentException: userUuid is not a column defined in this metadata
	at com.datastax.driver.core.ColumnDefinitions.getAllIdx(ColumnDefinitions.java:266) ~[cassandra-driver-core-3.0.0.jar:na]
	at com.datastax.driver.core.BoundStatement$DataWrapper.getAllIndexesOf(BoundStatement.java:1364) ~[cassandra-driver-core-3.0.0.jar:na]
	at com.datastax.driver.core.AbstractData.setString(AbstractData.java:254) ~[cassandra-driver-core-3.0.0.jar:na]
	at com.datastax.driver.core.BoundStatement.setString(BoundStatement.java:449) ~[cassandra-driver-core-3.0.0.jar:na]
	at com.knoldus.basketcrud.basket.impl.events.BasketEventProcessor.processPostAdded(BasketEventProcessor.java:106) ~[classes/:na]
	at com.lightbend.lagom.internal.persistence.cassandra.CassandraReadSideImpl$$anon$2$$anonfun$setEventHandler$1.apply(CassandraReadSideImpl.scala:82) ~[lagom-javadsl-persistence-cassandra_2.11-1.2.0.jar:1.2.0]
	at com.lightbend.lagom.internal.persistence.cassandra.CassandraReadSideImpl$$anon$2$$anonfun$setEventHandler$1.apply(CassandraReadSideImpl.scala:82) ~[lagom-javadsl-persistence-cassandra_2.11-1.2.0.jar:1.2.0]
	at com.lightbend.lagom.internal.persistence.cassandra.CassandraAutoReadSideHandler.invoke(CassandraReadSideHandler.scala:84) ~[lagom-javadsl-persistence-cassandra_2.11-1.2.0.jar:1.2.0]
	at com.lightbend.lagom.internal.persistence.cassandra.CassandraAutoReadSideHandler.invoke(CassandraReadSideHandler.scala:66) ~[lagom-javadsl-persistence-cassandra_2.11-1.2.0.jar:1.2.0]
	at com.lightbend.lagom.internal.persistence.cassandra.CassandraReadSideHandler$$anonfun$handle$1.apply(CassandraReadSideHandler.scala:39) ~[lagom-javadsl-persistence-cassandra_2.11-1.2.0.jar:1.2.0]
	at com.lightbend.lagom.internal.persistence.cassandra.CassandraReadSideHandler$$anonfun$handle$1.apply(CassandraReadSideHandler.scala:35) ~[lagom-javadsl-persistence-cassandra_2.11-1.2.0.jar:1.2.0]
	at akka.stream.impl.fusing.MapAsync$$anon$21.onPush(Ops.scala:1008) ~[akka-stream_2.11-2.4.10.jar:na]
	at akka.stream.impl.fusing.GraphInterpreter.processPush(GraphInterpreter.scala:747) ~[akka-stream_2.11-2.4.10.jar:na]
	at akka.stream.impl.fusing.GraphInterpreter.processEvent(GraphInterpreter.scala:710) ~[akka-stream_2.11-2.4.10.jar:na]
	at akka.stream.impl.fusing.GraphInterpreter.execute(GraphInterpreter.scala:616) ~[akka-stream_2.11-2.4.10.jar:na]
	at akka.stream.impl.fusing.GraphInterpreterShell.runBatch(ActorGraphInterpreter.scala:471) ~[akka-stream_2.11-2.4.10.jar:na]
	at akka.stream.impl.fusing.GraphInterpreterShell.receive(ActorGraphInterpreter.scala:410) ~[akka-stream_2.11-2.4.10.jar:na]
	at akka.stream.impl.fusing.ActorGraphInterpreter.akka$stream$impl$fusing$ActorGraphInterpreter$$processEvent(ActorGraphInterpreter.scala:603) ~[akka-stream_2.11-2.4.10.jar:na]
	at akka.stream.impl.fusing.ActorGraphInterpreter$$anonfun$receive$1.applyOrElse(ActorGraphInterpreter.scala:618) ~[akka-stream_2.11-2.4.10.jar:na]
	at akka.actor.Actor$class.aroundReceive(Actor.scala:484) ~[akka-actor_2.11-2.4.10.jar:na]
	at akka.stream.impl.fusing.ActorGraphInterpreter.aroundReceive(ActorGraphInterpreter.scala:529) ~[akka-stream_2.11-2.4.10.jar:na]
	at akka.actor.ActorCell.receiveMessage(ActorCell.scala:526) ~[akka-actor_2.11-2.4.10.jar:na]
	at akka.actor.ActorCell.invoke(ActorCell.scala:495) ~[akka-actor_2.11-2.4.10.jar:na]
	at akka.dispatch.Mailbox.processMailbox(Mailbox.scala:257) ~[akka-actor_2.11-2.4.10.jar:na]
	at akka.dispatch.Mailbox.run(Mailbox.scala:224) ~[akka-actor_2.11-2.4.10.jar:na]
	at java.util.concurrent.ThreadPoolExecutor.runWorker(ThreadPoolExecutor.java:1149) ~[na:1.8.0_181]
	at java.util.concurrent.ThreadPoolExecutor$Worker.run(ThreadPoolExecutor.java:624) ~[na:1.8.0_181]
	at java.lang.Thread.run(Thread.java:748) ~[na:1.8.0_181]
2019-10-07 23:45:11,041 [INFO] from com.knoldus.basketcrud.basket.impl.events.BasketEventProcessor in basket-impl-application-akka.actor.default-dispatcher-19 -  buildHandler method ... 
2019-10-07 23:45:23,244 [ERROR] from akka.actor.OneForOneStrategy in basket-impl-application-akka.actor.default-dispatcher-23 - userUuid is not a column defined in this metadata
java.lang.IllegalArgumentException: userUuid is not a column defined in this metadata
	at com.datastax.driver.core.ColumnDefinitions.getAllIdx(ColumnDefinitions.java:266) ~[cassandra-driver-core-3.0.0.jar:na]
	at com.datastax.driver.core.BoundStatement$DataWrapper.getAllIndexesOf(BoundStatement.java:1364) ~[cassandra-driver-core-3.0.0.jar:na]
	at com.datastax.driver.core.AbstractData.setString(AbstractData.java:254) ~[cassandra-driver-core-3.0.0.jar:na]
	at com.datastax.driver.core.BoundStatement.setString(BoundStatement.java:449) ~[cassandra-driver-core-3.0.0.jar:na]
	at com.knoldus.basketcrud.basket.impl.events.BasketEventProcessor.processPostAdded(BasketEventProcessor.java:106) ~[classes/:na]
	at com.lightbend.lagom.internal.persistence.cassandra.CassandraReadSideImpl$$anon$2$$anonfun$setEventHandler$1.apply(CassandraReadSideImpl.scala:82) ~[lagom-javadsl-persistence-cassandra_2.11-1.2.0.jar:1.2.0]
	at com.lightbend.lagom.internal.persistence.cassandra.CassandraReadSideImpl$$anon$2$$anonfun$setEventHandler$1.apply(CassandraReadSideImpl.scala:82) ~[lagom-javadsl-persistence-cassandra_2.11-1.2.0.jar:1.2.0]
	at com.lightbend.lagom.internal.persistence.cassandra.CassandraAutoReadSideHandler.invoke(CassandraReadSideHandler.scala:84) ~[lagom-javadsl-persistence-cassandra_2.11-1.2.0.jar:1.2.0]
	at com.lightbend.lagom.internal.persistence.cassandra.CassandraAutoReadSideHandler.invoke(CassandraReadSideHandler.scala:66) ~[lagom-javadsl-persistence-cassandra_2.11-1.2.0.jar:1.2.0]
	at com.lightbend.lagom.internal.persistence.cassandra.CassandraReadSideHandler$$anonfun$handle$1.apply(CassandraReadSideHandler.scala:39) ~[lagom-javadsl-persistence-cassandra_2.11-1.2.0.jar:1.2.0]
	at com.lightbend.lagom.internal.persistence.cassandra.CassandraReadSideHandler$$anonfun$handle$1.apply(CassandraReadSideHandler.scala:35) ~[lagom-javadsl-persistence-cassandra_2.11-1.2.0.jar:1.2.0]
	at akka.stream.impl.fusing.MapAsync$$anon$21.onPush(Ops.scala:1008) ~[akka-stream_2.11-2.4.10.jar:na]
	at akka.stream.impl.fusing.GraphInterpreter.processPush(GraphInterpreter.scala:747) ~[akka-stream_2.11-2.4.10.jar:na]
	at akka.stream.impl.fusing.GraphInterpreter.processEvent(GraphInterpreter.scala:710) ~[akka-stream_2.11-2.4.10.jar:na]
	at akka.stream.impl.fusing.GraphInterpreter.execute(GraphInterpreter.scala:616) ~[akka-stream_2.11-2.4.10.jar:na]
	at akka.stream.impl.fusing.GraphInterpreterShell.runBatch(ActorGraphInterpreter.scala:471) ~[akka-stream_2.11-2.4.10.jar:na]
	at akka.stream.impl.fusing.GraphInterpreterShell.receive(ActorGraphInterpreter.scala:410) ~[akka-stream_2.11-2.4.10.jar:na]
	at akka.stream.impl.fusing.ActorGraphInterpreter.akka$stream$impl$fusing$ActorGraphInterpreter$$processEvent(ActorGraphInterpreter.scala:603) ~[akka-stream_2.11-2.4.10.jar:na]
	at akka.stream.impl.fusing.ActorGraphInterpreter$$anonfun$receive$1.applyOrElse(ActorGraphInterpreter.scala:618) ~[akka-stream_2.11-2.4.10.jar:na]
	at akka.actor.Actor$class.aroundReceive(Actor.scala:484) ~[akka-actor_2.11-2.4.10.jar:na]
	at akka.stream.impl.fusing.ActorGraphInterpreter.aroundReceive(ActorGraphInterpreter.scala:529) ~[akka-stream_2.11-2.4.10.jar:na]
	at akka.actor.ActorCell.receiveMessage(ActorCell.scala:526) ~[akka-actor_2.11-2.4.10.jar:na]
	at akka.actor.ActorCell.invoke(ActorCell.scala:495) ~[akka-actor_2.11-2.4.10.jar:na]
	at akka.dispatch.Mailbox.processMailbox(Mailbox.scala:257) ~[akka-actor_2.11-2.4.10.jar:na]
	at akka.dispatch.Mailbox.run(Mailbox.scala:224) ~[akka-actor_2.11-2.4.10.jar:na]
	at java.util.concurrent.ThreadPoolExecutor.runWorker(ThreadPoolExecutor.java:1149) ~[na:1.8.0_181]
	at java.util.concurrent.ThreadPoolExecutor$Worker.run(ThreadPoolExecutor.java:624) ~[na:1.8.0_181]
	at java.lang.Thread.run(Thread.java:748) ~[na:1.8.0_181]
2019-10-07 23:45:41,039 [INFO] from com.knoldus.basketcrud.basket.impl.events.BasketEventProcessor in basket-impl-application-akka.actor.default-dispatcher-22 -  buildHandler method ... 
2019-10-07 23:45:53,390 [ERROR] from akka.actor.OneForOneStrategy in basket-impl-application-akka.actor.default-dispatcher-23 - userUuid is not a column defined in this metadata
java.lang.IllegalArgumentException: userUuid is not a column defined in this metadata
	at com.datastax.driver.core.ColumnDefinitions.getAllIdx(ColumnDefinitions.java:266) ~[cassandra-driver-core-3.0.0.jar:na]
	at com.datastax.driver.core.BoundStatement$DataWrapper.getAllIndexesOf(BoundStatement.java:1364) ~[cassandra-driver-core-3.0.0.jar:na]
	at com.datastax.driver.core.AbstractData.setString(AbstractData.java:254) ~[cassandra-driver-core-3.0.0.jar:na]
	at com.datastax.driver.core.BoundStatement.setString(BoundStatement.java:449) ~[cassandra-driver-core-3.0.0.jar:na]
	at com.knoldus.basketcrud.basket.impl.events.BasketEventProcessor.processPostAdded(BasketEventProcessor.java:106) ~[classes/:na]
	at com.lightbend.lagom.internal.persistence.cassandra.CassandraReadSideImpl$$anon$2$$anonfun$setEventHandler$1.apply(CassandraReadSideImpl.scala:82) ~[lagom-javadsl-persistence-cassandra_2.11-1.2.0.jar:1.2.0]
	at com.lightbend.lagom.internal.persistence.cassandra.CassandraReadSideImpl$$anon$2$$anonfun$setEventHandler$1.apply(CassandraReadSideImpl.scala:82) ~[lagom-javadsl-persistence-cassandra_2.11-1.2.0.jar:1.2.0]
	at com.lightbend.lagom.internal.persistence.cassandra.CassandraAutoReadSideHandler.invoke(CassandraReadSideHandler.scala:84) ~[lagom-javadsl-persistence-cassandra_2.11-1.2.0.jar:1.2.0]
	at com.lightbend.lagom.internal.persistence.cassandra.CassandraAutoReadSideHandler.invoke(CassandraReadSideHandler.scala:66) ~[lagom-javadsl-persistence-cassandra_2.11-1.2.0.jar:1.2.0]
	at com.lightbend.lagom.internal.persistence.cassandra.CassandraReadSideHandler$$anonfun$handle$1.apply(CassandraReadSideHandler.scala:39) ~[lagom-javadsl-persistence-cassandra_2.11-1.2.0.jar:1.2.0]
	at com.lightbend.lagom.internal.persistence.cassandra.CassandraReadSideHandler$$anonfun$handle$1.apply(CassandraReadSideHandler.scala:35) ~[lagom-javadsl-persistence-cassandra_2.11-1.2.0.jar:1.2.0]
	at akka.stream.impl.fusing.MapAsync$$anon$21.onPush(Ops.scala:1008) ~[akka-stream_2.11-2.4.10.jar:na]
	at akka.stream.impl.fusing.GraphInterpreter.processPush(GraphInterpreter.scala:747) ~[akka-stream_2.11-2.4.10.jar:na]
	at akka.stream.impl.fusing.GraphInterpreter.processEvent(GraphInterpreter.scala:710) ~[akka-stream_2.11-2.4.10.jar:na]
	at akka.stream.impl.fusing.GraphInterpreter.execute(GraphInterpreter.scala:616) ~[akka-stream_2.11-2.4.10.jar:na]
	at akka.stream.impl.fusing.GraphInterpreterShell.runBatch(ActorGraphInterpreter.scala:471) ~[akka-stream_2.11-2.4.10.jar:na]
	at akka.stream.impl.fusing.GraphInterpreterShell.receive(ActorGraphInterpreter.scala:410) ~[akka-stream_2.11-2.4.10.jar:na]
	at akka.stream.impl.fusing.ActorGraphInterpreter.akka$stream$impl$fusing$ActorGraphInterpreter$$processEvent(ActorGraphInterpreter.scala:603) ~[akka-stream_2.11-2.4.10.jar:na]
	at akka.stream.impl.fusing.ActorGraphInterpreter$$anonfun$receive$1.applyOrElse(ActorGraphInterpreter.scala:618) ~[akka-stream_2.11-2.4.10.jar:na]
	at akka.actor.Actor$class.aroundReceive(Actor.scala:484) ~[akka-actor_2.11-2.4.10.jar:na]
	at akka.stream.impl.fusing.ActorGraphInterpreter.aroundReceive(ActorGraphInterpreter.scala:529) ~[akka-stream_2.11-2.4.10.jar:na]
	at akka.actor.ActorCell.receiveMessage(ActorCell.scala:526) ~[akka-actor_2.11-2.4.10.jar:na]
	at akka.actor.ActorCell.invoke(ActorCell.scala:495) ~[akka-actor_2.11-2.4.10.jar:na]
	at akka.dispatch.Mailbox.processMailbox(Mailbox.scala:257) ~[akka-actor_2.11-2.4.10.jar:na]
	at akka.dispatch.Mailbox.run(Mailbox.scala:224) ~[akka-actor_2.11-2.4.10.jar:na]
	at java.util.concurrent.ThreadPoolExecutor.runWorker(ThreadPoolExecutor.java:1149) ~[na:1.8.0_181]
	at java.util.concurrent.ThreadPoolExecutor$Worker.run(ThreadPoolExecutor.java:624) ~[na:1.8.0_181]
	at java.lang.Thread.run(Thread.java:748) ~[na:1.8.0_181]
2019-10-07 23:46:11,045 [INFO] from com.knoldus.basketcrud.basket.impl.events.BasketEventProcessor in basket-impl-application-akka.actor.default-dispatcher-2 -  buildHandler method ... 
2019-10-07 23:46:20,347 [ERROR] from akka.actor.OneForOneStrategy in basket-impl-application-akka.actor.default-dispatcher-16 - userUuid is not a column defined in this metadata
java.lang.IllegalArgumentException: userUuid is not a column defined in this metadata
	at com.datastax.driver.core.ColumnDefinitions.getAllIdx(ColumnDefinitions.java:266) ~[cassandra-driver-core-3.0.0.jar:na]
	at com.datastax.driver.core.BoundStatement$DataWrapper.getAllIndexesOf(BoundStatement.java:1364) ~[cassandra-driver-core-3.0.0.jar:na]
	at com.datastax.driver.core.AbstractData.setString(AbstractData.java:254) ~[cassandra-driver-core-3.0.0.jar:na]
	at com.datastax.driver.core.BoundStatement.setString(BoundStatement.java:449) ~[cassandra-driver-core-3.0.0.jar:na]
	at com.knoldus.basketcrud.basket.impl.events.BasketEventProcessor.processPostAdded(BasketEventProcessor.java:106) ~[classes/:na]
	at com.lightbend.lagom.internal.persistence.cassandra.CassandraReadSideImpl$$anon$2$$anonfun$setEventHandler$1.apply(CassandraReadSideImpl.scala:82) ~[lagom-javadsl-persistence-cassandra_2.11-1.2.0.jar:1.2.0]
	at com.lightbend.lagom.internal.persistence.cassandra.CassandraReadSideImpl$$anon$2$$anonfun$setEventHandler$1.apply(CassandraReadSideImpl.scala:82) ~[lagom-javadsl-persistence-cassandra_2.11-1.2.0.jar:1.2.0]
	at com.lightbend.lagom.internal.persistence.cassandra.CassandraAutoReadSideHandler.invoke(CassandraReadSideHandler.scala:84) ~[lagom-javadsl-persistence-cassandra_2.11-1.2.0.jar:1.2.0]
	at com.lightbend.lagom.internal.persistence.cassandra.CassandraAutoReadSideHandler.invoke(CassandraReadSideHandler.scala:66) ~[lagom-javadsl-persistence-cassandra_2.11-1.2.0.jar:1.2.0]
	at com.lightbend.lagom.internal.persistence.cassandra.CassandraReadSideHandler$$anonfun$handle$1.apply(CassandraReadSideHandler.scala:39) ~[lagom-javadsl-persistence-cassandra_2.11-1.2.0.jar:1.2.0]
	at com.lightbend.lagom.internal.persistence.cassandra.CassandraReadSideHandler$$anonfun$handle$1.apply(CassandraReadSideHandler.scala:35) ~[lagom-javadsl-persistence-cassandra_2.11-1.2.0.jar:1.2.0]
	at akka.stream.impl.fusing.MapAsync$$anon$21.onPush(Ops.scala:1008) ~[akka-stream_2.11-2.4.10.jar:na]
	at akka.stream.impl.fusing.GraphInterpreter.processPush(GraphInterpreter.scala:747) ~[akka-stream_2.11-2.4.10.jar:na]
	at akka.stream.impl.fusing.GraphInterpreter.processEvent(GraphInterpreter.scala:710) ~[akka-stream_2.11-2.4.10.jar:na]
	at akka.stream.impl.fusing.GraphInterpreter.execute(GraphInterpreter.scala:616) ~[akka-stream_2.11-2.4.10.jar:na]
	at akka.stream.impl.fusing.GraphInterpreterShell.runBatch(ActorGraphInterpreter.scala:471) ~[akka-stream_2.11-2.4.10.jar:na]
	at akka.stream.impl.fusing.GraphInterpreterShell.receive(ActorGraphInterpreter.scala:410) ~[akka-stream_2.11-2.4.10.jar:na]
	at akka.stream.impl.fusing.ActorGraphInterpreter.akka$stream$impl$fusing$ActorGraphInterpreter$$processEvent(ActorGraphInterpreter.scala:603) ~[akka-stream_2.11-2.4.10.jar:na]
	at akka.stream.impl.fusing.ActorGraphInterpreter$$anonfun$receive$1.applyOrElse(ActorGraphInterpreter.scala:618) ~[akka-stream_2.11-2.4.10.jar:na]
	at akka.actor.Actor$class.aroundReceive(Actor.scala:484) ~[akka-actor_2.11-2.4.10.jar:na]
	at akka.stream.impl.fusing.ActorGraphInterpreter.aroundReceive(ActorGraphInterpreter.scala:529) ~[akka-stream_2.11-2.4.10.jar:na]
	at akka.actor.ActorCell.receiveMessage(ActorCell.scala:526) ~[akka-actor_2.11-2.4.10.jar:na]
	at akka.actor.ActorCell.invoke(ActorCell.scala:495) ~[akka-actor_2.11-2.4.10.jar:na]
	at akka.dispatch.Mailbox.processMailbox(Mailbox.scala:257) ~[akka-actor_2.11-2.4.10.jar:na]
	at akka.dispatch.Mailbox.run(Mailbox.scala:224) ~[akka-actor_2.11-2.4.10.jar:na]
	at java.util.concurrent.ThreadPoolExecutor.runWorker(ThreadPoolExecutor.java:1149) ~[na:1.8.0_181]
	at java.util.concurrent.ThreadPoolExecutor$Worker.run(ThreadPoolExecutor.java:624) ~[na:1.8.0_181]
	at java.lang.Thread.run(Thread.java:748) ~[na:1.8.0_181]
2019-10-07 23:46:41,040 [INFO] from com.knoldus.basketcrud.basket.impl.events.BasketEventProcessor in basket-impl-application-akka.actor.default-dispatcher-16 -  buildHandler method ... 
2019-10-07 23:46:50,675 [ERROR] from akka.actor.OneForOneStrategy in basket-impl-application-akka.actor.default-dispatcher-20 - userUuid is not a column defined in this metadata
java.lang.IllegalArgumentException: userUuid is not a column defined in this metadata
	at com.datastax.driver.core.ColumnDefinitions.getAllIdx(ColumnDefinitions.java:266) ~[cassandra-driver-core-3.0.0.jar:na]
	at com.datastax.driver.core.BoundStatement$DataWrapper.getAllIndexesOf(BoundStatement.java:1364) ~[cassandra-driver-core-3.0.0.jar:na]
	at com.datastax.driver.core.AbstractData.setString(AbstractData.java:254) ~[cassandra-driver-core-3.0.0.jar:na]
	at com.datastax.driver.core.BoundStatement.setString(BoundStatement.java:449) ~[cassandra-driver-core-3.0.0.jar:na]
	at com.knoldus.basketcrud.basket.impl.events.BasketEventProcessor.processPostAdded(BasketEventProcessor.java:106) ~[classes/:na]
	at com.lightbend.lagom.internal.persistence.cassandra.CassandraReadSideImpl$$anon$2$$anonfun$setEventHandler$1.apply(CassandraReadSideImpl.scala:82) ~[lagom-javadsl-persistence-cassandra_2.11-1.2.0.jar:1.2.0]
	at com.lightbend.lagom.internal.persistence.cassandra.CassandraReadSideImpl$$anon$2$$anonfun$setEventHandler$1.apply(CassandraReadSideImpl.scala:82) ~[lagom-javadsl-persistence-cassandra_2.11-1.2.0.jar:1.2.0]
	at com.lightbend.lagom.internal.persistence.cassandra.CassandraAutoReadSideHandler.invoke(CassandraReadSideHandler.scala:84) ~[lagom-javadsl-persistence-cassandra_2.11-1.2.0.jar:1.2.0]
	at com.lightbend.lagom.internal.persistence.cassandra.CassandraAutoReadSideHandler.invoke(CassandraReadSideHandler.scala:66) ~[lagom-javadsl-persistence-cassandra_2.11-1.2.0.jar:1.2.0]
	at com.lightbend.lagom.internal.persistence.cassandra.CassandraReadSideHandler$$anonfun$handle$1.apply(CassandraReadSideHandler.scala:39) ~[lagom-javadsl-persistence-cassandra_2.11-1.2.0.jar:1.2.0]
	at com.lightbend.lagom.internal.persistence.cassandra.CassandraReadSideHandler$$anonfun$handle$1.apply(CassandraReadSideHandler.scala:35) ~[lagom-javadsl-persistence-cassandra_2.11-1.2.0.jar:1.2.0]
	at akka.stream.impl.fusing.MapAsync$$anon$21.onPush(Ops.scala:1008) ~[akka-stream_2.11-2.4.10.jar:na]
	at akka.stream.impl.fusing.GraphInterpreter.processPush(GraphInterpreter.scala:747) ~[akka-stream_2.11-2.4.10.jar:na]
	at akka.stream.impl.fusing.GraphInterpreter.processEvent(GraphInterpreter.scala:710) ~[akka-stream_2.11-2.4.10.jar:na]
	at akka.stream.impl.fusing.GraphInterpreter.execute(GraphInterpreter.scala:616) ~[akka-stream_2.11-2.4.10.jar:na]
	at akka.stream.impl.fusing.GraphInterpreterShell.runBatch(ActorGraphInterpreter.scala:471) ~[akka-stream_2.11-2.4.10.jar:na]
	at akka.stream.impl.fusing.GraphInterpreterShell.receive(ActorGraphInterpreter.scala:410) ~[akka-stream_2.11-2.4.10.jar:na]
	at akka.stream.impl.fusing.ActorGraphInterpreter.akka$stream$impl$fusing$ActorGraphInterpreter$$processEvent(ActorGraphInterpreter.scala:603) ~[akka-stream_2.11-2.4.10.jar:na]
	at akka.stream.impl.fusing.ActorGraphInterpreter$$anonfun$receive$1.applyOrElse(ActorGraphInterpreter.scala:618) ~[akka-stream_2.11-2.4.10.jar:na]
	at akka.actor.Actor$class.aroundReceive(Actor.scala:484) ~[akka-actor_2.11-2.4.10.jar:na]
	at akka.stream.impl.fusing.ActorGraphInterpreter.aroundReceive(ActorGraphInterpreter.scala:529) ~[akka-stream_2.11-2.4.10.jar:na]
	at akka.actor.ActorCell.receiveMessage(ActorCell.scala:526) ~[akka-actor_2.11-2.4.10.jar:na]
	at akka.actor.ActorCell.invoke(ActorCell.scala:495) ~[akka-actor_2.11-2.4.10.jar:na]
	at akka.dispatch.Mailbox.processMailbox(Mailbox.scala:257) ~[akka-actor_2.11-2.4.10.jar:na]
	at akka.dispatch.Mailbox.run(Mailbox.scala:224) ~[akka-actor_2.11-2.4.10.jar:na]
	at java.util.concurrent.ThreadPoolExecutor.runWorker(ThreadPoolExecutor.java:1149) ~[na:1.8.0_181]
	at java.util.concurrent.ThreadPoolExecutor$Worker.run(ThreadPoolExecutor.java:624) ~[na:1.8.0_181]
	at java.lang.Thread.run(Thread.java:748) ~[na:1.8.0_181]
2019-10-07 23:47:11,041 [INFO] from com.knoldus.basketcrud.basket.impl.events.BasketEventProcessor in basket-impl-application-akka.actor.default-dispatcher-2 -  buildHandler method ... 
2019-10-07 23:47:21,450 [ERROR] from akka.actor.OneForOneStrategy in basket-impl-application-akka.actor.default-dispatcher-23 - userUuid is not a column defined in this metadata
java.lang.IllegalArgumentException: userUuid is not a column defined in this metadata
	at com.datastax.driver.core.ColumnDefinitions.getAllIdx(ColumnDefinitions.java:266) ~[cassandra-driver-core-3.0.0.jar:na]
	at com.datastax.driver.core.BoundStatement$DataWrapper.getAllIndexesOf(BoundStatement.java:1364) ~[cassandra-driver-core-3.0.0.jar:na]
	at com.datastax.driver.core.AbstractData.setString(AbstractData.java:254) ~[cassandra-driver-core-3.0.0.jar:na]
	at com.datastax.driver.core.BoundStatement.setString(BoundStatement.java:449) ~[cassandra-driver-core-3.0.0.jar:na]
	at com.knoldus.basketcrud.basket.impl.events.BasketEventProcessor.processPostAdded(BasketEventProcessor.java:106) ~[classes/:na]
	at com.lightbend.lagom.internal.persistence.cassandra.CassandraReadSideImpl$$anon$2$$anonfun$setEventHandler$1.apply(CassandraReadSideImpl.scala:82) ~[lagom-javadsl-persistence-cassandra_2.11-1.2.0.jar:1.2.0]
	at com.lightbend.lagom.internal.persistence.cassandra.CassandraReadSideImpl$$anon$2$$anonfun$setEventHandler$1.apply(CassandraReadSideImpl.scala:82) ~[lagom-javadsl-persistence-cassandra_2.11-1.2.0.jar:1.2.0]
	at com.lightbend.lagom.internal.persistence.cassandra.CassandraAutoReadSideHandler.invoke(CassandraReadSideHandler.scala:84) ~[lagom-javadsl-persistence-cassandra_2.11-1.2.0.jar:1.2.0]
	at com.lightbend.lagom.internal.persistence.cassandra.CassandraAutoReadSideHandler.invoke(CassandraReadSideHandler.scala:66) ~[lagom-javadsl-persistence-cassandra_2.11-1.2.0.jar:1.2.0]
	at com.lightbend.lagom.internal.persistence.cassandra.CassandraReadSideHandler$$anonfun$handle$1.apply(CassandraReadSideHandler.scala:39) ~[lagom-javadsl-persistence-cassandra_2.11-1.2.0.jar:1.2.0]
	at com.lightbend.lagom.internal.persistence.cassandra.CassandraReadSideHandler$$anonfun$handle$1.apply(CassandraReadSideHandler.scala:35) ~[lagom-javadsl-persistence-cassandra_2.11-1.2.0.jar:1.2.0]
	at akka.stream.impl.fusing.MapAsync$$anon$21.onPush(Ops.scala:1008) ~[akka-stream_2.11-2.4.10.jar:na]
	at akka.stream.impl.fusing.GraphInterpreter.processPush(GraphInterpreter.scala:747) ~[akka-stream_2.11-2.4.10.jar:na]
	at akka.stream.impl.fusing.GraphInterpreter.processEvent(GraphInterpreter.scala:710) ~[akka-stream_2.11-2.4.10.jar:na]
	at akka.stream.impl.fusing.GraphInterpreter.execute(GraphInterpreter.scala:616) ~[akka-stream_2.11-2.4.10.jar:na]
	at akka.stream.impl.fusing.GraphInterpreterShell.runBatch(ActorGraphInterpreter.scala:471) ~[akka-stream_2.11-2.4.10.jar:na]
	at akka.stream.impl.fusing.GraphInterpreterShell.receive(ActorGraphInterpreter.scala:410) ~[akka-stream_2.11-2.4.10.jar:na]
	at akka.stream.impl.fusing.ActorGraphInterpreter.akka$stream$impl$fusing$ActorGraphInterpreter$$processEvent(ActorGraphInterpreter.scala:603) ~[akka-stream_2.11-2.4.10.jar:na]
	at akka.stream.impl.fusing.ActorGraphInterpreter$$anonfun$receive$1.applyOrElse(ActorGraphInterpreter.scala:618) ~[akka-stream_2.11-2.4.10.jar:na]
	at akka.actor.Actor$class.aroundReceive(Actor.scala:484) ~[akka-actor_2.11-2.4.10.jar:na]
	at akka.stream.impl.fusing.ActorGraphInterpreter.aroundReceive(ActorGraphInterpreter.scala:529) ~[akka-stream_2.11-2.4.10.jar:na]
	at akka.actor.ActorCell.receiveMessage(ActorCell.scala:526) ~[akka-actor_2.11-2.4.10.jar:na]
	at akka.actor.ActorCell.invoke(ActorCell.scala:495) ~[akka-actor_2.11-2.4.10.jar:na]
	at akka.dispatch.Mailbox.processMailbox(Mailbox.scala:257) ~[akka-actor_2.11-2.4.10.jar:na]
	at akka.dispatch.Mailbox.run(Mailbox.scala:224) ~[akka-actor_2.11-2.4.10.jar:na]
	at java.util.concurrent.ThreadPoolExecutor.runWorker(ThreadPoolExecutor.java:1149) ~[na:1.8.0_181]
	at java.util.concurrent.ThreadPoolExecutor$Worker.run(ThreadPoolExecutor.java:624) ~[na:1.8.0_181]
	at java.lang.Thread.run(Thread.java:748) ~[na:1.8.0_181]
2019-10-07 23:47:41,045 [INFO] from com.knoldus.basketcrud.basket.impl.events.BasketEventProcessor in basket-impl-application-akka.actor.default-dispatcher-16 -  buildHandler method ... 
2019-10-07 23:47:42,771 [ERROR] from akka.actor.OneForOneStrategy in basket-impl-application-akka.actor.default-dispatcher-22 - Processor actor [Actor[akka://basket-impl-application/user/StreamSupervisor-1/flow-30-3-mapAsync#899318979]] terminated abruptly
akka.stream.AbruptTerminationException: Processor actor [Actor[akka://basket-impl-application/user/StreamSupervisor-1/flow-30-3-mapAsync#899318979]] terminated abruptly
2019-10-07 23:47:43,385 [INFO] from com.knoldus.basketcrud.basket.impl.events.BasketEventProcessor in basket-impl-application-akka.actor.default-dispatcher-20 -  aggregateTags method ... 
2019-10-07 23:47:43,445 [INFO] from com.knoldus.basketcrud.basket.impl.events.BasketEventProcessor in basket-impl-application-akka.actor.default-dispatcher-5 -  buildHandler method ... 
2019-10-07 23:47:45,412 [INFO] from com.knoldus.basketcrud.basket.impl.events.BasketEventProcessor in basket-impl-application-akka.actor.default-dispatcher-5 -  buildHandler method ... 
2019-10-07 23:47:55,917 [ERROR] from akka.actor.ActorSystemImpl in basket-impl-application-akka.actor.default-dispatcher-21 - Uncaught fatal error from thread [basket-impl-application-lagom.persistence.dispatcher-30] shutting down ActorSystem [basket-impl-application]
java.lang.NoClassDefFoundError: com/knoldus/basketcrud/basket/impl/events/BasketEvent$BasketCreated$BasketCreatedBuilder
	at java.lang.Class.getDeclaredMethods0(Native Method) ~[na:1.8.0_181]
	at java.lang.Class.privateGetDeclaredMethods(Class.java:2701) ~[na:1.8.0_181]
	at java.lang.Class.getDeclaredMethods(Class.java:1975) ~[na:1.8.0_181]
	at com.fasterxml.jackson.databind.introspect.AnnotatedClass._findClassMethods(AnnotatedClass.java:1183) ~[jackson-databind-2.7.1.jar:2.7.1]
	at com.fasterxml.jackson.databind.introspect.AnnotatedClass._addMemberMethods(AnnotatedClass.java:711) ~[jackson-databind-2.7.1.jar:2.7.1]
	at com.fasterxml.jackson.databind.introspect.AnnotatedClass.resolveMemberMethods(AnnotatedClass.java:522) ~[jackson-databind-2.7.1.jar:2.7.1]
	at com.fasterxml.jackson.databind.introspect.AnnotatedClass.memberMethods(AnnotatedClass.java:322) ~[jackson-databind-2.7.1.jar:2.7.1]
	at com.fasterxml.jackson.databind.introspect.POJOPropertiesCollector._addMethods(POJOPropertiesCollector.java:477) ~[jackson-databind-2.7.1.jar:2.7.1]
	at com.fasterxml.jackson.databind.introspect.POJOPropertiesCollector.collectAll(POJOPropertiesCollector.java:284) ~[jackson-databind-2.7.1.jar:2.7.1]
	at com.fasterxml.jackson.databind.introspect.POJOPropertiesCollector.getPropertyMap(POJOPropertiesCollector.java:248) ~[jackson-databind-2.7.1.jar:2.7.1]
	at com.fasterxml.jackson.databind.introspect.POJOPropertiesCollector.getProperties(POJOPropertiesCollector.java:155) ~[jackson-databind-2.7.1.jar:2.7.1]
	at com.fasterxml.jackson.databind.introspect.BasicBeanDescription._properties(BasicBeanDescription.java:142) ~[jackson-databind-2.7.1.jar:2.7.1]
	at com.fasterxml.jackson.databind.introspect.BasicBeanDescription.findProperties(BasicBeanDescription.java:217) ~[jackson-databind-2.7.1.jar:2.7.1]
	at com.fasterxml.jackson.databind.deser.BasicDeserializerFactory._findCreatorsFromProperties(BasicDeserializerFactory.java:330) ~[jackson-databind-2.7.1.jar:2.7.1]
	at com.fasterxml.jackson.databind.deser.BasicDeserializerFactory._constructDefaultValueInstantiator(BasicDeserializerFactory.java:312) ~[jackson-databind-2.7.1.jar:2.7.1]
	at com.fasterxml.jackson.databind.deser.BasicDeserializerFactory.findValueInstantiator(BasicDeserializerFactory.java:252) ~[jackson-databind-2.7.1.jar:2.7.1]
	at com.fasterxml.jackson.databind.deser.BeanDeserializerFactory.buildBeanDeserializer(BeanDeserializerFactory.java:221) ~[jackson-databind-2.7.1.jar:2.7.1]
	at com.fasterxml.jackson.databind.deser.BeanDeserializerFactory.createBeanDeserializer(BeanDeserializerFactory.java:143) ~[jackson-databind-2.7.1.jar:2.7.1]
	at com.fasterxml.jackson.databind.deser.DeserializerCache._createDeserializer2(DeserializerCache.java:406) ~[jackson-databind-2.7.1.jar:2.7.1]
	at com.fasterxml.jackson.databind.deser.DeserializerCache._createDeserializer(DeserializerCache.java:352) ~[jackson-databind-2.7.1.jar:2.7.1]
	at com.fasterxml.jackson.databind.deser.DeserializerCache._createAndCache2(DeserializerCache.java:264) ~[jackson-databind-2.7.1.jar:2.7.1]
	at com.fasterxml.jackson.databind.deser.DeserializerCache._createAndCacheValueDeserializer(DeserializerCache.java:244) ~[jackson-databind-2.7.1.jar:2.7.1]
	at com.fasterxml.jackson.databind.deser.DeserializerCache.findValueDeserializer(DeserializerCache.java:142) ~[jackson-databind-2.7.1.jar:2.7.1]
	at com.fasterxml.jackson.databind.DeserializationContext.findRootValueDeserializer(DeserializationContext.java:477) ~[jackson-databind-2.7.1.jar:2.7.1]
	at com.fasterxml.jackson.databind.ObjectMapper._findRootDeserializer(ObjectMapper.java:3889) ~[jackson-databind-2.7.1.jar:2.7.1]
	at com.fasterxml.jackson.databind.ObjectMapper._readMapAndClose(ObjectMapper.java:3784) ~[jackson-databind-2.7.1.jar:2.7.1]
	at com.fasterxml.jackson.databind.ObjectMapper.readValue(ObjectMapper.java:2872) ~[jackson-databind-2.7.1.jar:2.7.1]
	at com.lightbend.lagom.internal.jackson.JacksonJsonSerializer.fromBinary(JacksonJsonSerializer.scala:131) ~[lagom-javadsl-jackson_2.11-1.2.0.jar:1.2.0]
	at akka.serialization.Serialization$$anonfun$deserialize$2.apply(Serialization.scala:121) ~[akka-actor_2.11-2.4.10.jar:na]
	at scala.util.Try$.apply(Try.scala:192) ~[scala-library-2.11.8.jar:na]
	at akka.serialization.Serialization.deserialize(Serialization.scala:114) ~[akka-actor_2.11-2.4.10.jar:na]
	at akka.persistence.cassandra.journal.CassandraJournal$.deserializeEvent(CassandraJournal.scala:525) ~[akka-persistence-cassandra_2.11-0.17.jar:0.17]
	at akka.persistence.cassandra.query.EventsByTagFetcher.toPersistentRepr(EventsByTagFetcher.scala:152) ~[akka-persistence-cassandra_2.11-0.17.jar:0.17]
	at akka.persistence.cassandra.query.EventsByTagFetcher.loop$1(EventsByTagFetcher.scala:118) ~[akka-persistence-cassandra_2.11-0.17.jar:0.17]
	at akka.persistence.cassandra.query.EventsByTagFetcher.continue(EventsByTagFetcher.scala:143) ~[akka-persistence-cassandra_2.11-0.17.jar:0.17]
	at akka.persistence.cassandra.query.EventsByTagFetcher$$anonfun$receive$1.applyOrElse(EventsByTagFetcher.scala:79) ~[akka-persistence-cassandra_2.11-0.17.jar:0.17]
	at akka.actor.Actor$class.aroundReceive(Actor.scala:484) ~[akka-actor_2.11-2.4.10.jar:na]
	at akka.persistence.cassandra.query.EventsByTagFetcher.aroundReceive(EventsByTagFetcher.scala:45) ~[akka-persistence-cassandra_2.11-0.17.jar:0.17]
	at akka.actor.ActorCell.receiveMessage(ActorCell.scala:526) ~[akka-actor_2.11-2.4.10.jar:na]
	at akka.actor.ActorCell.invoke(ActorCell.scala:495) ~[akka-actor_2.11-2.4.10.jar:na]
	at akka.dispatch.Mailbox.processMailbox(Mailbox.scala:257) ~[akka-actor_2.11-2.4.10.jar:na]
	at akka.dispatch.Mailbox.run(Mailbox.scala:224) ~[akka-actor_2.11-2.4.10.jar:na]
	at java.util.concurrent.ThreadPoolExecutor.runWorker(ThreadPoolExecutor.java:1149) ~[na:1.8.0_181]
	at java.util.concurrent.ThreadPoolExecutor$Worker.run(ThreadPoolExecutor.java:624) ~[na:1.8.0_181]
	at java.lang.Thread.run(Thread.java:748) ~[na:1.8.0_181]
Caused by: java.lang.ClassNotFoundException: com.knoldus.basketcrud.basket.impl.events.BasketEvent$BasketCreated$BasketCreatedBuilder
	at java.net.URLClassLoader.findClass(URLClassLoader.java:381) ~[na:1.8.0_181]
	at java.lang.ClassLoader.loadClass(ClassLoader.java:424) ~[na:1.8.0_181]
	at java.lang.ClassLoader.loadClass(ClassLoader.java:357) ~[na:1.8.0_181]
	... 45 common frames omitted
2019-10-07 23:47:57,209 [INFO] from com.knoldus.basketcrud.basket.impl.events.BasketEventProcessor in basket-impl-application-akka.actor.default-dispatcher-2 -  aggregateTags method ... 
2019-10-07 23:47:57,230 [INFO] from com.knoldus.basketcrud.basket.impl.events.BasketEventProcessor in basket-impl-application-akka.actor.default-dispatcher-4 -  buildHandler method ... 
2019-10-07 23:47:59,253 [INFO] from com.knoldus.basketcrud.basket.impl.events.BasketEventProcessor in basket-impl-application-akka.actor.default-dispatcher-20 -  buildHandler method ... 
2019-10-07 23:49:36,989 [ERROR] from akka.actor.OneForOneStrategy in basket-impl-application-akka.actor.default-dispatcher-20 - Processor actor [Actor[akka://basket-impl-application/user/StreamSupervisor-7/flow-5-3-mapAsync#24685049]] terminated abruptly
akka.stream.AbruptTerminationException: Processor actor [Actor[akka://basket-impl-application/user/StreamSupervisor-7/flow-5-3-mapAsync#24685049]] terminated abruptly
2019-10-07 23:49:37,366 [INFO] from com.knoldus.basketcrud.basket.impl.events.BasketEventProcessor in basket-impl-application-akka.actor.default-dispatcher-23 -  aggregateTags method ... 
2019-10-07 23:49:37,408 [INFO] from com.knoldus.basketcrud.basket.impl.events.BasketEventProcessor in basket-impl-application-akka.actor.default-dispatcher-20 -  buildHandler method ... 
2019-10-07 23:49:39,416 [INFO] from com.knoldus.basketcrud.basket.impl.events.BasketEventProcessor in basket-impl-application-akka.actor.default-dispatcher-21 -  buildHandler method ... 
2019-10-07 23:54:03,154 [ERROR] from akka.actor.OneForOneStrategy in basket-impl-application-akka.actor.default-dispatcher-6 - Processor actor [Actor[akka://basket-impl-application/user/StreamSupervisor-10/flow-5-3-mapAsync#1987151896]] terminated abruptly
akka.stream.AbruptTerminationException: Processor actor [Actor[akka://basket-impl-application/user/StreamSupervisor-10/flow-5-3-mapAsync#1987151896]] terminated abruptly
2019-10-07 23:54:03,552 [INFO] from com.knoldus.basketcrud.basket.impl.events.BasketEventProcessor in basket-impl-application-akka.actor.default-dispatcher-17 -  aggregateTags method ... 
2019-10-07 23:54:03,588 [INFO] from com.knoldus.basketcrud.basket.impl.events.BasketEventProcessor in basket-impl-application-akka.actor.default-dispatcher-2 -  buildHandler method ... 
2019-10-07 23:54:05,598 [INFO] from com.knoldus.basketcrud.basket.impl.events.BasketEventProcessor in basket-impl-application-akka.actor.default-dispatcher-3 -  buildHandler method ... 
